<?xml version="1.0" encoding="utf-8"?><testsuites name="pytest tests"><testsuite name="pytest" errors="0" failures="0" skipped="0" tests="3" time="29.930" timestamp="2026-05-13T19:12:13.822206+08:00" hostname="DESKTOP-PI7E7MA"><testcase classname="tests.query_backend.test_query_backend_acceptance" name="test_successful_query_returns_graph_payload_and_freshness_metadata" time="29.653" /><testcase classname="tests.query_backend.test_query_backend_acceptance" name="test_controlled_cypher_rejection_returns_structured_feedback" time="0.023" /><testcase classname="tests.query_backend.test_query_backend_acceptance" name="test_replica_degradation_does_not_fall_back_silently" time="0.032" /></testsuite></testsuites>